$ make clean
[rc=0]
rm -rf binaries

$ make host HOST_CXX=clang++ HOST_CXXFLAGS=-std=c++17 -O3 -Wall -Wextra -fno-vectorize -fno-slp-vectorize -Rpass-missed=loop-vectorize HOST_SIMD_CXXFLAGS=-std=c++17 -O3 -Wall -Wextra -mcpu=native -Rpass=loop-vectorize -Rpass-missed=loop-vectorize
[rc=0]
clang++ -std=c++17 -O3 -Wall -Wextra -fno-vectorize -fno-slp-vectorize -Rpass-missed=loop-vectorize -Isrc -isystem third_party src/host/gen_data.cpp -o binaries/host/gen_data
clang++ -std=c++17 -O3 -Wall -Wextra -fno-vectorize -fno-slp-vectorize -Rpass-missed=loop-vectorize -Isrc -isystem third_party src/flat_search.cpp -o binaries/host/flat_search
clang++ -std=c++17 -O3 -Wall -Wextra -mcpu=native -Rpass=loop-vectorize -Rpass-missed=loop-vectorize -Isrc -isystem third_party src/flat_search.cpp -o binaries/host/flat_search_simd
clang++ -std=c++17 -O3 -Wall -Wextra -fno-vectorize -fno-slp-vectorize -Rpass-missed=loop-vectorize -Isrc -isystem third_party src/hnsw_search.cpp -o binaries/host/hnsw_search
clang++ -std=c++17 -O3 -Wall -Wextra -mcpu=native -Rpass=loop-vectorize -Rpass-missed=loop-vectorize -Isrc -isystem third_party src/hnsw_search.cpp -o binaries/host/hnsw_search_simd
src/host/gen_data.cpp:106:5: remark: loop not vectorized [-Rpass-missed=loop-vectorize]
    for (int i = 1; i < argc; ++i) {
    ^
In file included from src/host/gen_data.cpp:5:
In file included from /usr/bin/../lib/gcc/aarch64-linux-gnu/11/../../../../include/c++/11/random:51:
/usr/bin/../lib/gcc/aarch64-linux-gnu/11/../../../../include/c++/11/bits/random.tcc:330:7: remark: loop not vectorized [-Rpass-missed=loop-vectorize]
      for (size_t __i = 1; __i < state_size; ++__i)
      ^
src/host/gen_data.cpp:26:5: remark: loop not vectorized [-Rpass-missed=loop-vectorize]
    for (auto& x : v)
    ^
src/host/gen_data.cpp:26:5: remark: loop not vectorized [-Rpass-missed=loop-vectorize]
src/host/gen_data.cpp:37:5: remark: loop not vectorized [-Rpass-missed=loop-vectorize]
    for (uint32_t i = 0; i < N; ++i) {
    ^
src/host/gen_data.cpp:51:5: remark: loop not vectorized [-Rpass-missed=loop-vectorize]
    for (uint32_t i = 0; i < N; ++i)
    ^
src/host/gen_data.cpp:60:9: remark: loop not vectorized [-Rpass-missed=loop-vectorize]
        for (unsigned int j = 0; j < count; ++j)
        ^
src/host/gen_data.cpp:73:17: remark: loop not vectorized [-Rpass-missed=loop-vectorize]
                for (unsigned int j = 0; j < count; ++j)
                ^
In file included from src/host/gen_data.cpp:3:
In file included from /usr/bin/../lib/gcc/aarch64-linux-gnu/11/../../../../include/c++/11/filesystem:44:
In file included from /usr/bin/../lib/gcc/aarch64-linux-gnu/11/../../../../include/c++/11/bits/fs_fwd.h:35:
In file included from /usr/bin/../lib/gcc/aarch64-linux-gnu/11/../../../../include/c++/11/system_error:41:
In file included from /usr/bin/../lib/gcc/aarch64-linux-gnu/11/../../../../include/c++/11/stdexcept:39:
In file included from /usr/bin/../lib/gcc/aarch64-linux-gnu/11/../../../../include/c++/11/string:40:
In file included from /usr/bin/../lib/gcc/aarch64-linux-gnu/11/../../../../include/c++/11/bits/char_traits.h:39:
/usr/bin/../lib/gcc/aarch64-linux-gnu/11/../../../../include/c++/11/bits/stl_algobase.h:1161:4: remark: loop not vectorized [-Rpass-missed=loop-vectorize]
          for (; __first1 != __last1; ++__first1, (void) ++__first2)
          ^
/usr/bin/../lib/gcc/aarch64-linux-gnu/11/../../../../include/c++/11/bits/stl_algobase.h:1161:4: remark: loop not vectorized [-Rpass-missed=loop-vectorize]
In file included from src/host/gen_data.cpp:5:
In file included from /usr/bin/../lib/gcc/aarch64-linux-gnu/11/../../../../include/c++/11/random:51:
/usr/bin/../lib/gcc/aarch64-linux-gnu/11/../../../../include/c++/11/bits/random.tcc:409:7: remark: loop not vectorized [-Rpass-missed=loop-vectorize]
      for (size_t __k = (__n - __m); __k < (__n - 1); ++__k)
      ^
/usr/bin/../lib/gcc/aarch64-linux-gnu/11/../../../../include/c++/11/bits/random.tcc:401:7: remark: loop not vectorized [-Rpass-missed=loop-vectorize]
      for (size_t __k = 0; __k < (__n - __m); ++__k)
      ^
/usr/bin/../lib/gcc/aarch64-linux-gnu/11/../../../../include/c++/11/bits/random.tcc:409:7: remark: loop not vectorized [-Rpass-missed=loop-vectorize]
      for (size_t __k = (__n - __m); __k < (__n - 1); ++__k)
      ^
/usr/bin/../lib/gcc/aarch64-linux-gnu/11/../../../../include/c++/11/bits/random.tcc:401:7: remark: loop not vectorized [-Rpass-missed=loop-vectorize]
      for (size_t __k = 0; __k < (__n - __m); ++__k)
      ^
In file included from src/host/gen_data.cpp:9:
In file included from third_party/hnswlib/hnswlib.h:226:
In file included from third_party/hnswlib/stop_condition.h:5:
In file included from /usr/bin/../lib/gcc/aarch64-linux-gnu/11/../../../../include/c++/11/unordered_map:46:
/usr/bin/../lib/gcc/aarch64-linux-gnu/11/../../../../include/c++/11/bits/hashtable.h:1837:7: remark: loop not vectorized [-Rpass-missed=loop-vectorize]
      for (__node_ptr __p = static_cast<__node_ptr>(__prev_p->_M_nxt);;
      ^
/usr/bin/../lib/gcc/aarch64-linux-gnu/11/../../../../include/c++/11/bits/hashtable.h:1837:7: remark: loop not vectorized [-Rpass-missed=loop-vectorize]
/usr/bin/../lib/gcc/aarch64-linux-gnu/11/../../../../include/c++/11/bits/hashtable.h:1837:7: remark: loop not vectorized [-Rpass-missed=loop-vectorize]
In file included from src/host/gen_data.cpp:9:
In file included from third_party/hnswlib/hnswlib.h:226:
In file included from third_party/hnswlib/stop_condition.h:5:
In file included from /usr/bin/../lib/gcc/aarch64-linux-gnu/11/../../../../include/c++/11/unordered_map:46:
In file included from /usr/bin/../lib/gcc/aarch64-linux-gnu/11/../../../../include/c++/11/bits/hashtable.h:35:
/usr/bin/../lib/gcc/aarch64-linux-gnu/11/../../../../include/c++/11/bits/hashtable_policy.h:1912:7: remark: loop not vectorized [-Rpass-missed=loop-vectorize]
      while (__n)
      ^
/usr/bin/../lib/gcc/aarch64-linux-gnu/11/../../../../include/c++/11/bits/hashtable_policy.h:1912:7: remark: loop not vectorized [-Rpass-missed=loop-vectorize]
In file included from src/host/gen_data.cpp:9:
In file included from third_party/hnswlib/hnswlib.h:224:
third_party/hnswlib/space_l2.h:13:5: remark: loop not vectorized [-Rpass-missed=loop-vectorize]
    for (size_t i = 0; i < qty; i++) {
    ^
In file included from src/host/gen_data.cpp:9:
In file included from third_party/hnswlib/hnswlib.h:228:
In file included from third_party/hnswlib/hnswalg.h:3:
third_party/hnswlib/visited_list_pool.h:46:9: remark: loop not vectorized [-Rpass-missed=loop-vectorize]
        for (int i = 0; i < initmaxpools; i++)
        ^
In file included from src/host/gen_data.cpp:9:
In file included from third_party/hnswlib/hnswlib.h:226:
In file included from third_party/hnswlib/stop_condition.h:5:
In file included from /usr/bin/../lib/gcc/aarch64-linux-gnu/11/../../../../include/c++/11/unordered_map:46:
In file included from /usr/bin/../lib/gcc/aarch64-linux-gnu/11/../../../../include/c++/11/bits/hashtable.h:35:
/usr/bin/../lib/gcc/aarch64-linux-gnu/11/../../../../include/c++/11/bits/hashtable_policy.h:1912:7: remark: loop not vectorized [-Rpass-missed=loop-vectorize]
      while (__n)
      ^
/usr/bin/../lib/gcc/aarch64-linux-gnu/11/../../../../include/c++/11/bits/hashtable_policy.h:1912:7: remark: loop not vectorized [-Rpass-missed=loop-vectorize]
In file included from src/host/gen_data.cpp:9:
In file included from third_party/hnswlib/hnswlib.h:228:
third_party/hnswlib/hnswalg.h:1289:17: remark: loop not vectorized [-Rpass-missed=loop-vectorize]
                for (int i = 0; i < size; i++) {
                ^
third_party/hnswlib/hnswalg.h:1314:9: remark: loop not vectorized [-Rpass-missed=loop-vectorize]
        while (top_candidates.size() > k) {
        ^
third_party/hnswlib/hnswalg.h:1317:9: remark: loop not vectorized [-Rpass-missed=loop-vectorize]
        while (top_candidates.size() > 0) {
        ^
In file included from src/host/gen_data.cpp:9:
In file included from third_party/hnswlib/hnswlib.h:119:
In file included from /usr/bin/../lib/gcc/aarch64-linux-gnu/11/../../../../include/c++/11/queue:62:
/usr/bin/../lib/gcc/aarch64-linux-gnu/11/../../../../include/c++/11/bits/stl_heap.h:327:11: remark: loop not vectorized [-Rpass-missed=loop-vectorize]
      if (__last - __first > 1)
          ^
In file included from src/host/gen_data.cpp:9:
In file included from third_party/hnswlib/hnswlib.h:228:
third_party/hnswlib/hnswalg.h:705:9: remark: loop not vectorized [-Rpass-missed=loop-vectorize]
        for (size_t i = 0; i < cur_element_count; i++) {
        ^
In file included from src/host/gen_data.cpp:9:
In file included from third_party/hnswlib/hnswlib.h:119:
In file included from /usr/bin/../lib/gcc/aarch64-linux-gnu/11/../../../../include/c++/11/queue:60:
In file included from /usr/bin/../lib/gcc/aarch64-linux-gnu/11/../../../../include/c++/11/deque:67:
/usr/bin/../lib/gcc/aarch64-linux-gnu/11/../../../../include/c++/11/bits/stl_deque.h:678:7: remark: loop not vectorized [-Rpass-missed=loop-vectorize]
      for (_Map_pointer __n = __nstart; __n < __nfinish; ++__n)
      ^
/usr/bin/../lib/gcc/aarch64-linux-gnu/11/../../../../include/c++/11/bits/stl_deque.h:662:4: remark: loop not vectorized [-Rpass-missed=loop-vectorize]
          for (__cur = __nstart; __cur < __nfinish; ++__cur)
          ^
/usr/bin/../lib/gcc/aarch64-linux-gnu/11/../../../../include/c++/11/bits/stl_deque.h:678:7: remark: loop not vectorized [-Rpass-missed=loop-vectorize]
      for (_Map_pointer __n = __nstart; __n < __nfinish; ++__n)
      ^
In file included from src/host/gen_data.cpp:9:
In file included from third_party/hnswlib/hnswlib.h:228:
In file included from third_party/hnswlib/hnswalg.h:3:
third_party/hnswlib/visited_list_pool.h:71:9: remark: loop not vectorized [-Rpass-missed=loop-vectorize]
        while (pool.size()) {
        ^
In file included from src/host/gen_data.cpp:9:
In file included from third_party/hnswlib/hnswlib.h:119:
In file included from /usr/bin/../lib/gcc/aarch64-linux-gnu/11/../../../../include/c++/11/queue:60:
In file included from /usr/bin/../lib/gcc/aarch64-linux-gnu/11/../../../../include/c++/11/deque:67:
/usr/bin/../lib/gcc/aarch64-linux-gnu/11/../../../../include/c++/11/bits/stl_deque.h:678:7: remark: loop not vectorized [-Rpass-missed=loop-vectorize]
      for (_Map_pointer __n = __nstart; __n < __nfinish; ++__n)
      ^
In file included from src/host/gen_data.cpp:5:
In file included from /usr/bin/../lib/gcc/aarch64-linux-gnu/11/../../../../include/c++/11/random:49:
In file included from /usr/bin/../lib/gcc/aarch64-linux-gnu/11/../../../../include/c++/11/bits/random.h:34:
In file included from /usr/bin/../lib/gcc/aarch64-linux-gnu/11/../../../../include/c++/11/vector:66:
/usr/bin/../lib/gcc/aarch64-linux-gnu/11/../../../../include/c++/11/bits/stl_uninitialized.h:1031:7: remark: loop not vectorized [-Rpass-missed=loop-vectorize]
      for (; __first != __last; ++__first, (void)++__cur)
      ^
In file included from src/host/gen_data.cpp:9:
In file included from third_party/hnswlib/hnswlib.h:119:
In file included from /usr/bin/../lib/gcc/aarch64-linux-gnu/11/../../../../include/c++/11/queue:62:
/usr/bin/../lib/gcc/aarch64-linux-gnu/11/../../../../include/c++/11/bits/stl_heap.h:139:7: remark: loop not vectorized [-Rpass-missed=loop-vectorize]
      while (__holeIndex > __topIndex && __comp(__first + __parent, __value))
      ^
/usr/bin/../lib/gcc/aarch64-linux-gnu/11/../../../../include/c++/11/bits/stl_heap.h:139:7: remark: loop not vectorized [-Rpass-missed=loop-vectorize]
/usr/bin/../lib/gcc/aarch64-linux-gnu/11/../../../../include/c++/11/bits/stl_heap.h:228:7: remark: loop not vectorized [-Rpass-missed=loop-vectorize]
      while (__secondChild < (__len - 1) / 2)
      ^
/usr/bin/../lib/gcc/aarch64-linux-gnu/11/../../../../include/c++/11/bits/stl_heap.h:139:7: remark: loop not vectorized [-Rpass-missed=loop-vectorize]
      while (__holeIndex > __topIndex && __comp(__first + __parent, __value))
      ^
In file included from src/host/gen_data.cpp:5:
In file included from /usr/bin/../lib/gcc/aarch64-linux-gnu/11/../../../../include/c++/11/random:49:
In file included from /usr/bin/../lib/gcc/aarch64-linux-gnu/11/../../../../include/c++/11/bits/random.h:34:
In file included from /usr/bin/../lib/gcc/aarch64-linux-gnu/11/../../../../include/c++/11/vector:66:
/usr/bin/../lib/gcc/aarch64-linux-gnu/11/../../../../include/c++/11/bits/stl_uninitialized.h:1031:7: remark: loop not vectorized [-Rpass-missed=loop-vectorize]
      for (; __first != __last; ++__first, (void)++__cur)
      ^
In file included from src/host/gen_data.cpp:9:
In file included from third_party/hnswlib/hnswlib.h:119:
In file included from /usr/bin/../lib/gcc/aarch64-linux-gnu/11/../../../../include/c++/11/queue:62:
/usr/bin/../lib/gcc/aarch64-linux-gnu/11/../../../../include/c++/11/bits/stl_heap.h:139:7: remark: loop not vectorized [-Rpass-missed=loop-vectorize]
      while (__holeIndex > __topIndex && __comp(__first + __parent, __value))
      ^
In file included from src/host/gen_data.cpp:5:
In file included from /usr/bin/../lib/gcc/aarch64-linux-gnu/11/../../../../include/c++/11/random:49:
In file included from /usr/bin/../lib/gcc/aarch64-linux-gnu/11/../../../../include/c++/11/bits/random.h:34:
In file included from /usr/bin/../lib/gcc/aarch64-linux-gnu/11/../../../../include/c++/11/vector:66:
/usr/bin/../lib/gcc/aarch64-linux-gnu/11/../../../../include/c++/11/bits/stl_uninitialized.h:1031:7: remark: loop not vectorized [-Rpass-missed=loop-vectorize]
      for (; __first != __last; ++__first, (void)++__cur)
      ^
/usr/bin/../lib/gcc/aarch64-linux-gnu/11/../../../../include/c++/11/bits/stl_uninitialized.h:1031:7: remark: loop not vectorized [-Rpass-missed=loop-vectorize]
In file included from src/host/gen_data.cpp:9:
In file included from third_party/hnswlib/hnswlib.h:119:
In file included from /usr/bin/../lib/gcc/aarch64-linux-gnu/11/../../../../include/c++/11/queue:62:
/usr/bin/../lib/gcc/aarch64-linux-gnu/11/../../../../include/c++/11/bits/stl_heap.h:139:7: remark: loop not vectorized [-Rpass-missed=loop-vectorize]
      while (__holeIndex > __topIndex && __comp(__first + __parent, __value))
      ^
In file included from src/host/gen_data.cpp:5:
In file included from /usr/bin/../lib/gcc/aarch64-linux-gnu/11/../../../../include/c++/11/random:49:
In file included from /usr/bin/../lib/gcc/aarch64-linux-gnu/11/../../../../include/c++/11/bits/random.h:34:
In file included from /usr/bin/../lib/gcc/aarch64-linux-gnu/11/../../../../include/c++/11/vector:66:
/usr/bin/../lib/gcc/aarch64-linux-gnu/11/../../../../include/c++/11/bits/stl_uninitialized.h:1031:7: remark: loop not vectorized [-Rpass-missed=loop-vectorize]
      for (; __first != __last; ++__first, (void)++__cur)
      ^
/usr/bin/../lib/gcc/aarch64-linux-gnu/11/../../../../include/c++/11/bits/stl_uninitialized.h:1031:7: remark: loop not vectorized [-Rpass-missed=loop-vectorize]
In file included from src/host/gen_data.cpp:9:
In file included from third_party/hnswlib/hnswlib.h:119:
In file included from /usr/bin/../lib/gcc/aarch64-linux-gnu/11/../../../../include/c++/11/queue:62:
/usr/bin/../lib/gcc/aarch64-linux-gnu/11/../../../../include/c++/11/bits/stl_heap.h:139:7: remark: loop not vectorized [-Rpass-missed=loop-vectorize]
      while (__holeIndex > __topIndex && __comp(__first + __parent, __value))
      ^
/usr/bin/../lib/gcc/aarch64-linux-gnu/11/../../../../include/c++/11/bits/stl_heap.h:139:7: remark: loop not vectorized [-Rpass-missed=loop-vectorize]
/usr/bin/../lib/gcc/aarch64-linux-gnu/11/../../../../include/c++/11/bits/stl_heap.h:228:7: remark: loop not vectorized [-Rpass-missed=loop-vectorize]
      while (__secondChild < (__len - 1) / 2)
      ^
/usr/bin/../lib/gcc/aarch64-linux-gnu/11/../../../../include/c++/11/bits/stl_heap.h:139:7: remark: loop not vectorized [-Rpass-missed=loop-vectorize]
      while (__holeIndex > __topIndex && __comp(__first + __parent, __value))
      ^
In file included from src/host/gen_data.cpp:5:
In file included from /usr/bin/../lib/gcc/aarch64-linux-gnu/11/../../../../include/c++/11/random:49:
In file included from /usr/bin/../lib/gcc/aarch64-linux-gnu/11/../../../../include/c++/11/bits/random.h:34:
In file included from /usr/bin/../lib/gcc/aarch64-linux-gnu/11/../../../../include/c++/11/vector:66:
/usr/bin/../lib/gcc/aarch64-linux-gnu/11/../../../../include/c++/11/bits/stl_uninitialized.h:1031:7: remark: loop not vectorized [-Rpass-missed=loop-vectorize]
      for (; __first != __last; ++__first, (void)++__cur)
      ^
In file included from src/host/gen_data.cpp:9:
In file included from third_party/hnswlib/hnswlib.h:119:
In file included from /usr/bin/../lib/gcc/aarch64-linux-gnu/11/../../../../include/c++/11/queue:62:
/usr/bin/../lib/gcc/aarch64-linux-gnu/11/../../../../include/c++/11/bits/stl_heap.h:139:7: remark: loop not vectorized [-Rpass-missed=loop-vectorize]
      while (__holeIndex > __topIndex && __comp(__first + __parent, __value))
      ^
In file included from src/host/gen_data.cpp:5:
In file included from /usr/bin/../lib/gcc/aarch64-linux-gnu/11/../../../../include/c++/11/random:49:
In file included from /usr/bin/../lib/gcc/aarch64-linux-gnu/11/../../../../include/c++/11/bits/random.h:34:
In file included from /usr/bin/../lib/gcc/aarch64-linux-gnu/11/../../../../include/c++/11/vector:66:
/usr/bin/../lib/gcc/aarch64-linux-gnu/11/../../../../include/c++/11/bits/stl_uninitialized.h:1031:7: remark: loop not vectorized [-Rpass-missed=loop-vectorize]
      for (; __first != __last; ++__first, (void)++__cur)
      ^
In file included from src/host/gen_data.cpp:9:
In file included from third_party/hnswlib/hnswlib.h:119:
In file included from /usr/bin/../lib/gcc/aarch64-linux-gnu/11/../../../../include/c++/11/queue:62:
/usr/bin/../lib/gcc/aarch64-linux-gnu/11/../../../../include/c++/11/bits/stl_heap.h:228:7: remark: loop not vectorized [-Rpass-missed=loop-vectorize]
      while (__secondChild < (__len - 1) / 2)
      ^
/usr/bin/../lib/gcc/aarch64-linux-gnu/11/../../../../include/c++/11/bits/stl_heap.h:139:7: remark: loop not vectorized [-Rpass-missed=loop-vectorize]
      while (__holeIndex > __topIndex && __comp(__first + __parent, __value))
      ^
In file included from src/host/gen_data.cpp:5:
In file included from /usr/bin/../lib/gcc/aarch64-linux-gnu/11/../../../../include/c++/11/random:49:
In file included from /usr/bin/../lib/gcc/aarch64-linux-gnu/11/../../../../include/c++/11/bits/random.h:34:
In file included from /usr/bin/../lib/gcc/aarch64-linux-gnu/11/../../../../include/c++/11/vector:66:
/usr/bin/../lib/gcc/aarch64-linux-gnu/11/../../../../include/c++/11/bits/stl_uninitialized.h:1031:7: remark: loop not vectorized [-Rpass-missed=loop-vectorize]
      for (; __first != __last; ++__first, (void)++__cur)
      ^
In file included from src/host/gen_data.cpp:9:
In file included from third_party/hnswlib/hnswlib.h:119:
In file included from /usr/bin/../lib/gcc/aarch64-linux-gnu/11/../../../../include/c++/11/queue:62:
/usr/bin/../lib/gcc/aarch64-linux-gnu/11/../../../../include/c++/11/bits/stl_heap.h:139:7: remark: loop not vectorized [-Rpass-missed=loop-vectorize]
      while (__holeIndex > __topIndex && __comp(__first + __parent, __value))
      ^
In file included from src/host/gen_data.cpp:5:
In file included from /usr/bin/../lib/gcc/aarch64-linux-gnu/11/../../../../include/c++/11/random:49:
In file included from /usr/bin/../lib/gcc/aarch64-linux-gnu/11/../../../../include/c++/11/bits/random.h:34:
In file included from /usr/bin/../lib/gcc/aarch64-linux-gnu/11/../../../../include/c++/11/vector:66:
/usr/bin/../lib/gcc/aarch64-linux-gnu/11/../../../../include/c++/11/bits/stl_uninitialized.h:578:8: remark: loop not vectorized [-Rpass-missed=loop-vectorize]
              for (; __n > 0; --__n, (void) ++__cur)
              ^
/usr/bin/../lib/gcc/aarch64-linux-gnu/11/../../../../include/c++/11/bits/stl_uninitialized.h:578:8: remark: loop not vectorized [-Rpass-missed=loop-vectorize]
/usr/bin/../lib/gcc/aarch64-linux-gnu/11/../../../../include/c++/11/bits/stl_uninitialized.h:1031:7: remark: loop not vectorized [-Rpass-missed=loop-vectorize]
      for (; __first != __last; ++__first, (void)++__cur)
      ^
In file included from src/host/gen_data.cpp:9:
In file included from third_party/hnswlib/hnswlib.h:119:
In file included from /usr/bin/../lib/gcc/aarch64-linux-gnu/11/../../../../include/c++/11/queue:62:
/usr/bin/../lib/gcc/aarch64-linux-gnu/11/../../../../include/c++/11/bits/stl_heap.h:228:7: remark: loop not vectorized [-Rpass-missed=loop-vectorize]
      while (__secondChild < (__len - 1) / 2)
      ^
/usr/bin/../lib/gcc/aarch64-linux-gnu/11/../../../../include/c++/11/bits/stl_heap.h:139:7: remark: loop not vectorized [-Rpass-missed=loop-vectorize]
      while (__holeIndex > __topIndex && __comp(__first + __parent, __value))
      ^
In file included from src/host/gen_data.cpp:9:
In file included from third_party/hnswlib/hnswlib.h:226:
In file included from third_party/hnswlib/stop_condition.h:5:
In file included from /usr/bin/../lib/gcc/aarch64-linux-gnu/11/../../../../include/c++/11/unordered_map:46:
/usr/bin/../lib/gcc/aarch64-linux-gnu/11/../../../../include/c++/11/bits/hashtable.h:1837:7: remark: loop not vectorized [-Rpass-missed=loop-vectorize]
      for (__node_ptr __p = static_cast<__node_ptr>(__prev_p->_M_nxt);;
      ^
/usr/bin/../lib/gcc/aarch64-linux-gnu/11/../../../../include/c++/11/bits/hashtable.h:1837:7: remark: loop not vectorized [-Rpass-missed=loop-vectorize]
In file included from src/host/gen_data.cpp:9:
In file included from third_party/hnswlib/hnswlib.h:228:
third_party/hnswlib/hnswalg.h:1225:25: remark: loop not vectorized [-Rpass-missed=loop-vectorize]
                        for (int i = 0; i < size; i++) {
                        ^
In file included from src/host/gen_data.cpp:9:
In file included from third_party/hnswlib/hnswlib.h:119:
In file included from /usr/bin/../lib/gcc/aarch64-linux-gnu/11/../../../../include/c++/11/queue:62:
/usr/bin/../lib/gcc/aarch64-linux-gnu/11/../../../../include/c++/11/bits/stl_heap.h:139:7: remark: loop not vectorized [-Rpass-missed=loop-vectorize]
      while (__holeIndex > __topIndex && __comp(__first + __parent, __value))
      ^
In file included from src/host/gen_data.cpp:5:
In file included from /usr/bin/../lib/gcc/aarch64-linux-gnu/11/../../../../include/c++/11/random:49:
In file included from /usr/bin/../lib/gcc/aarch64-linux-gnu/11/../../../../include/c++/11/bits/random.h:34:
In file included from /usr/bin/../lib/gcc/aarch64-linux-gnu/11/../../../../include/c++/11/vector:66:
/usr/bin/../lib/gcc/aarch64-linux-gnu/11/../../../../include/c++/11/bits/stl_uninitialized.h:1031:7: remark: loop not vectorized [-Rpass-missed=loop-vectorize]
      for (; __first != __last; ++__first, (void)++__cur)
      ^
In file included from src/host/gen_data.cpp:9:
In file included from third_party/hnswlib/hnswlib.h:226:
In file included from third_party/hnswlib/stop_condition.h:5:
In file included from /usr/bin/../lib/gcc/aarch64-linux-gnu/11/../../../../include/c++/11/unordered_map:46:
/usr/bin/../lib/gcc/aarch64-linux-gnu/11/../../../../include/c++/11/bits/hashtable.h:1837:7: remark: loop not vectorized [-Rpass-missed=loop-vectorize]
      for (__node_ptr __p = static_cast<__node_ptr>(__prev_p->_M_nxt);;
      ^
In file included from src/host/gen_data.cpp:9:
In file included from third_party/hnswlib/hnswlib.h:226:
In file included from third_party/hnswlib/stop_condition.h:5:
In file included from /usr/bin/../lib/gcc/aarch64-linux-gnu/11/../../../../include/c++/11/unordered_map:46:
In file included from /usr/bin/../lib/gcc/aarch64-linux-gnu/11/../../../../include/c++/11/bits/hashtable.h:35:
/usr/bin/../lib/gcc/aarch64-linux-gnu/11/../../../../include/c++/11/bits/hashtable_policy.h:1912:7: remark: loop not vectorized [-Rpass-missed=loop-vectorize]
      while (__n)
      ^
/usr/bin/../lib/gcc/aarch64-linux-gnu/11/../../../../include/c++/11/bits/hashtable_policy.h:1912:7: remark: loop not vectorized [-Rpass-missed=loop-vectorize]
In file included from src/host/gen_data.cpp:9:
In file included from third_party/hnswlib/hnswlib.h:119:
In file included from /usr/bin/../lib/gcc/aarch64-linux-gnu/11/../../../../include/c++/11/queue:62:
/usr/bin/../lib/gcc/aarch64-linux-gnu/11/../../../../include/c++/11/bits/stl_heap.h:139:7: remark: loop not vectorized [-Rpass-missed=loop-vectorize]
      while (__holeIndex > __topIndex && __comp(__first + __parent, __value))
      ^
/usr/bin/../lib/gcc/aarch64-linux-gnu/11/../../../../include/c++/11/bits/stl_heap.h:228:7: remark: loop not vectorized [-Rpass-missed=loop-vectorize]
      while (__secondChild < (__len - 1) / 2)
      ^
/usr/bin/../lib/gcc/aarch64-linux-gnu/11/../../../../include/c++/11/bits/stl_heap.h:139:7: remark: loop not vectorized [-Rpass-missed=loop-vectorize]
      while (__holeIndex > __topIndex && __comp(__first + __parent, __value))
      ^
In file included from src/host/gen_data.cpp:5:
In file included from /usr/bin/../lib/gcc/aarch64-linux-gnu/11/../../../../include/c++/11/random:49:
In file included from /usr/bin/../lib/gcc/aarch64-linux-gnu/11/../../../../include/c++/11/bits/random.h:34:
In file included from /usr/bin/../lib/gcc/aarch64-linux-gnu/11/../../../../include/c++/11/vector:66:
/usr/bin/../lib/gcc/aarch64-linux-gnu/11/../../../../include/c++/11/bits/stl_uninitialized.h:1031:7: remark: loop not vectorized [-Rpass-missed=loop-vectorize]
      for (; __first != __last; ++__first, (void)++__cur)
      ^
In file included from src/host/gen_data.cpp:9:
In file included from third_party/hnswlib/hnswlib.h:119:
In file included from /usr/bin/../lib/gcc/aarch64-linux-gnu/11/../../../../include/c++/11/queue:62:
/usr/bin/../lib/gcc/aarch64-linux-gnu/11/../../../../include/c++/11/bits/stl_heap.h:139:7: remark: loop not vectorized [-Rpass-missed=loop-vectorize]
      while (__holeIndex > __topIndex && __comp(__first + __parent, __value))
      ^
In file included from src/host/gen_data.cpp:5:
In file included from /usr/bin/../lib/gcc/aarch64-linux-gnu/11/../../../../include/c++/11/random:49:
In file included from /usr/bin/../lib/gcc/aarch64-linux-gnu/11/../../../../include/c++/11/bits/random.h:34:
In file included from /usr/bin/../lib/gcc/aarch64-linux-gnu/11/../../../../include/c++/11/vector:66:
/usr/bin/../lib/gcc/aarch64-linux-gnu/11/../../../../include/c++/11/bits/stl_uninitialized.h:1031:7: remark: loop not vectorized [-Rpass-missed=loop-vectorize]
      for (; __first != __last; ++__first, (void)++__cur)
      ^
In file included from src/host/gen_data.cpp:9:
In file included from third_party/hnswlib/hnswlib.h:119:
In file included from /usr/bin/../lib/gcc/aarch64-linux-gnu/11/../../../../include/c++/11/queue:62:
/usr/bin/../lib/gcc/aarch64-linux-gnu/11/../../../../include/c++/11/bits/stl_heap.h:139:7: remark: loop not vectorized [-Rpass-missed=loop-vectorize]
      while (__holeIndex > __topIndex && __comp(__first + __parent, __value))
      ^
/usr/bin/../lib/gcc/aarch64-linux-gnu/11/../../../../include/c++/11/bits/stl_heap.h:228:7: remark: loop not vectorized [-Rpass-missed=loop-vectorize]
      while (__secondChild < (__len - 1) / 2)
      ^
In file included from src/host/gen_data.cpp:9:
In file included from third_party/hnswlib/hnswlib.h:226:
In file included from third_party/hnswlib/stop_condition.h:5:
In file included from /usr/bin/../lib/gcc/aarch64-linux-gnu/11/../../../../include/c++/11/unordered_map:46:
/usr/bin/../lib/gcc/aarch64-linux-gnu/11/../../../../include/c++/11/bits/hashtable.h:1837:7: remark: loop not vectorized [-Rpass-missed=loop-vectorize]
      for (__node_ptr __p = static_cast<__node_ptr>(__prev_p->_M_nxt);;
      ^
/usr/bin/../lib/gcc/aarch64-linux-gnu/11/../../../../include/c++/11/bits/hashtable.h:1837:7: remark: loop not vectorized [-Rpass-missed=loop-vectorize]
/usr/bin/../lib/gcc/aarch64-linux-gnu/11/../../../../include/c++/11/bits/hashtable.h:1837:7: remark: loop not vectorized [-Rpass-missed=loop-vectorize]
In file included from src/host/gen_data.cpp:5:
In file included from /usr/bin/../lib/gcc/aarch64-linux-gnu/11/../../../../include/c++/11/random:51:
/usr/bin/../lib/gcc/aarch64-linux-gnu/11/../../../../include/c++/11/bits/random.tcc:3364:7: remark: loop not vectorized [-Rpass-missed=loop-vectorize]
      for (size_t __k = __m; __k != 0; --__k)
      ^
In file included from src/host/gen_data.cpp:9:
In file included from third_party/hnswlib/hnswlib.h:226:
In file included from third_party/hnswlib/stop_condition.h:5:
In file included from /usr/bin/../lib/gcc/aarch64-linux-gnu/11/../../../../include/c++/11/unordered_map:46:
/usr/bin/../lib/gcc/aarch64-linux-gnu/11/../../../../include/c++/11/bits/hashtable.h:1837:7: remark: loop not vectorized [-Rpass-missed=loop-vectorize]
      for (__node_ptr __p = static_cast<__node_ptr>(__prev_p->_M_nxt);;
      ^
/usr/bin/../lib/gcc/aarch64-linux-gnu/11/../../../../include/c++/11/bits/hashtable.h:1837:7: remark: loop not vectorized [-Rpass-missed=loop-vectorize]
In file included from src/host/gen_data.cpp:9:
In file included from third_party/hnswlib/hnswlib.h:226:
In file included from third_party/hnswlib/stop_condition.h:5:
In file included from /usr/bin/../lib/gcc/aarch64-linux-gnu/11/../../../../include/c++/11/unordered_map:46:
In file included from /usr/bin/../lib/gcc/aarch64-linux-gnu/11/../../../../include/c++/11/bits/hashtable.h:35:
/usr/bin/../lib/gcc/aarch64-linux-gnu/11/../../../../include/c++/11/bits/hashtable_policy.h:1912:7: remark: loop not vectorized [-Rpass-missed=loop-vectorize]
      while (__n)
      ^
/usr/bin/../lib/gcc/aarch64-linux-gnu/11/../../../../include/c++/11/bits/hashtable_policy.h:1912:7: remark: loop not vectorized [-Rpass-missed=loop-vectorize]
In file included from src/host/gen_data.cpp:5:
In file included from /usr/bin/../lib/gcc/aarch64-linux-gnu/11/../../../../include/c++/11/random:51:
/usr/bin/../lib/gcc/aarch64-linux-gnu/11/../../../../include/c++/11/bits/random.tcc:3364:7: remark: loop not vectorized [-Rpass-missed=loop-vectorize]
      for (size_t __k = __m; __k != 0; --__k)
      ^
In file included from src/host/gen_data.cpp:5:
In file included from /usr/bin/../lib/gcc/aarch64-linux-gnu/11/../../../../include/c++/11/random:49:
In file included from /usr/bin/../lib/gcc/aarch64-linux-gnu/11/../../../../include/c++/11/bits/random.h:34:
In file included from /usr/bin/../lib/gcc/aarch64-linux-gnu/11/../../../../include/c++/11/vector:66:
/usr/bin/../lib/gcc/aarch64-linux-gnu/11/../../../../include/c++/11/bits/stl_uninitialized.h:1031:7: remark: loop not vectorized [-Rpass-missed=loop-vectorize]
      for (; __first != __last; ++__first, (void)++__cur)
      ^
In file included from src/host/gen_data.cpp:9:
In file included from third_party/hnswlib/hnswlib.h:119:
In file included from /usr/bin/../lib/gcc/aarch64-linux-gnu/11/../../../../include/c++/11/queue:62:
/usr/bin/../lib/gcc/aarch64-linux-gnu/11/../../../../include/c++/11/bits/stl_heap.h:139:7: remark: loop not vectorized [-Rpass-missed=loop-vectorize]
      while (__holeIndex > __topIndex && __comp(__first + __parent, __value))
      ^
In file included from src/host/gen_data.cpp:5:
In file included from /usr/bin/../lib/gcc/aarch64-linux-gnu/11/../../../../include/c++/11/random:49:
In file included from /usr/bin/../lib/gcc/aarch64-linux-gnu/11/../../../../include/c++/11/bits/random.h:34:
In file included from /usr/bin/../lib/gcc/aarch64-linux-gnu/11/../../../../include/c++/11/vector:66:
/usr/bin/../lib/gcc/aarch64-linux-gnu/11/../../../../include/c++/11/bits/stl_uninitialized.h:1031:7: remark: loop not vectorized [-Rpass-missed=loop-vectorize]
      for (; __first != __last; ++__first, (void)++__cur)
      ^
In file included from src/host/gen_data.cpp:9:
In file included from third_party/hnswlib/hnswlib.h:119:
In file included from /usr/bin/../lib/gcc/aarch64-linux-gnu/11/../../../../include/c++/11/queue:62:
/usr/bin/../lib/gcc/aarch64-linux-gnu/11/../../../../include/c++/11/bits/stl_heap.h:139:7: remark: loop not vectorized [-Rpass-missed=loop-vectorize]
      while (__holeIndex > __topIndex && __comp(__first + __parent, __value))
      ^
/usr/bin/../lib/gcc/aarch64-linux-gnu/11/../../../../include/c++/11/bits/stl_heap.h:139:7: remark: loop not vectorized [-Rpass-missed=loop-vectorize]
In file included from src/host/gen_data.cpp:5:
In file included from /usr/bin/../lib/gcc/aarch64-linux-gnu/11/../../../../include/c++/11/random:49:
In file included from /usr/bin/../lib/gcc/aarch64-linux-gnu/11/../../../../include/c++/11/bits/random.h:34:
In file included from /usr/bin/../lib/gcc/aarch64-linux-gnu/11/../../../../include/c++/11/vector:66:
/usr/bin/../lib/gcc/aarch64-linux-gnu/11/../../../../include/c++/11/bits/stl_uninitialized.h:1031:7: remark: loop not vectorized [-Rpass-missed=loop-vectorize]
      for (; __first != __last; ++__first, (void)++__cur)
      ^
In file included from src/host/gen_data.cpp:9:
In file included from third_party/hnswlib/hnswlib.h:119:
In file included from /usr/bin/../lib/gcc/aarch64-linux-gnu/11/../../../../include/c++/11/queue:62:
/usr/bin/../lib/gcc/aarch64-linux-gnu/11/../../../../include/c++/11/bits/stl_heap.h:139:7: remark: loop not vectorized [-Rpass-missed=loop-vectorize]
      while (__holeIndex > __topIndex && __comp(__first + __parent, __value))
      ^
In file included from src/host/gen_data.cpp:5:
In file included from /usr/bin/../lib/gcc/aarch64-linux-gnu/11/../../../../include/c++/11/random:49:
In file included from /usr/bin/../lib/gcc/aarch64-linux-gnu/11/../../../../include/c++/11/bits/random.h:34:
In file included from /usr/bin/../lib/gcc/aarch64-linux-gnu/11/../../../../include/c++/11/vector:66:
/usr/bin/../lib/gcc/aarch64-linux-gnu/11/../../../../include/c++/11/bits/stl_uninitialized.h:1031:7: remark: loop not vectorized [-Rpass-missed=loop-vectorize]
      for (; __first != __last; ++__first, (void)++__cur)
      ^
In file included from src/host/gen_data.cpp:9:
In file included from third_party/hnswlib/hnswlib.h:228:
third_party/hnswlib/hnswalg.h:519:9: remark: loop not vectorized [-Rpass-missed=loop-vectorize]
        while (top_candidates.size() > 0) {
        ^
third_party/hnswlib/hnswalg.h:544:13: remark: loop not vectorized [-Rpass-missed=loop-vectorize]
            for (size_t idx = 0; idx < selectedNeighbors.size(); idx++) {
            ^
third_party/hnswlib/hnswalg.h:544:13: remark: loop not vectorized [-Rpass-missed=loop-vectorize]
In file included from src/host/gen_data.cpp:9:
In file included from third_party/hnswlib/hnswlib.h:119:
In file included from /usr/bin/../lib/gcc/aarch64-linux-gnu/11/../../../../include/c++/11/queue:62:
/usr/bin/../lib/gcc/aarch64-linux-gnu/11/../../../../include/c++/11/bits/stl_heap.h:139:7: remark: loop not vectorized [-Rpass-missed=loop-vectorize]
      while (__holeIndex > __topIndex && __comp(__first + __parent, __value))
      ^
/usr/bin/../lib/gcc/aarch64-linux-gnu/11/../../../../include/c++/11/bits/stl_heap.h:228:7: remark: loop not vectorized [-Rpass-missed=loop-vectorize]
      while (__secondChild < (__len - 1) / 2)
      ^
/usr/bin/../lib/gcc/aarch64-linux-gnu/11/../../../../include/c++/11/bits/stl_heap.h:139:7: remark: loop not vectorized [-Rpass-missed=loop-vectorize]
      while (__holeIndex > __topIndex && __comp(__first + __parent, __value))
      ^
In file included from src/host/gen_data.cpp:5:
In file included from /usr/bin/../lib/gcc/aarch64-linux-gnu/11/../../../../include/c++/11/random:49:
In file included from /usr/bin/../lib/gcc/aarch64-linux-gnu/11/../../../../include/c++/11/bits/random.h:34:
In file included from /usr/bin/../lib/gcc/aarch64-linux-gnu/11/../../../../include/c++/11/vector:66:
/usr/bin/../lib/gcc/aarch64-linux-gnu/11/../../../../include/c++/11/bits/stl_uninitialized.h:1031:7: remark: loop not vectorized [-Rpass-missed=loop-vectorize]
      for (; __first != __last; ++__first, (void)++__cur)
      ^
In file included from src/host/gen_data.cpp:9:
In file included from third_party/hnswlib/hnswlib.h:228:
third_party/hnswlib/hnswalg.h:576:17: remark: loop not vectorized [-Rpass-missed=loop-vectorize]
                for (size_t j = 0; j < sz_link_list_other; j++) {
                ^
In file included from src/host/gen_data.cpp:9:
In file included from third_party/hnswlib/hnswlib.h:119:
In file included from /usr/bin/../lib/gcc/aarch64-linux-gnu/11/../../../../include/c++/11/queue:62:
/usr/bin/../lib/gcc/aarch64-linux-gnu/11/../../../../include/c++/11/bits/stl_heap.h:139:7: remark: loop not vectorized [-Rpass-missed=loop-vectorize]
      while (__holeIndex > __topIndex && __comp(__first + __parent, __value))
      ^
In file included from src/host/gen_data.cpp:5:
In file included from /usr/bin/../lib/gcc/aarch64-linux-gnu/11/../../../../include/c++/11/random:49:
In file included from /usr/bin/../lib/gcc/aarch64-linux-gnu/11/../../../../include/c++/11/bits/random.h:34:
In file included from /usr/bin/../lib/gcc/aarch64-linux-gnu/11/../../../../include/c++/11/vector:66:
/usr/bin/../lib/gcc/aarch64-linux-gnu/11/../../../../include/c++/11/bits/stl_uninitialized.h:1031:7: remark: loop not vectorized [-Rpass-missed=loop-vectorize]
      for (; __first != __last; ++__first, (void)++__cur)
      ^
/usr/bin/../lib/gcc/aarch64-linux-gnu/11/../../../../include/c++/11/bits/stl_uninitialized.h:1031:7: remark: loop not vectorized [-Rpass-missed=loop-vectorize]
In file included from src/host/gen_data.cpp:9:
In file included from third_party/hnswlib/hnswlib.h:228:
third_party/hnswlib/hnswalg.h:465:13: remark: loop not vectorized [-Rpass-missed=loop-vectorize]
            for (std::pair<dist_t, tableint> second_pair : return_list) {
            ^
In file included from src/host/gen_data.cpp:9:
In file included from third_party/hnswlib/hnswlib.h:119:
In file included from /usr/bin/../lib/gcc/aarch64-linux-gnu/11/../../../../include/c++/11/queue:62:
/usr/bin/../lib/gcc/aarch64-linux-gnu/11/../../../../include/c++/11/bits/stl_heap.h:139:7: remark: loop not vectorized [-Rpass-missed=loop-vectorize]
      while (__holeIndex > __topIndex && __comp(__first + __parent, __value))
      ^
In file included from src/host/gen_data.cpp:5:
In file included from /usr/bin/../lib/gcc/aarch64-linux-gnu/11/../../../../include/c++/11/random:49:
In file included from /usr/bin/../lib/gcc/aarch64-linux-gnu/11/../../../../include/c++/11/bits/random.h:34:
In file included from /usr/bin/../lib/gcc/aarch64-linux-gnu/11/../../../../include/c++/11/vector:66:
/usr/bin/../lib/gcc/aarch64-linux-gnu/11/../../../../include/c++/11/bits/stl_uninitialized.h:1031:7: remark: loop not vectorized [-Rpass-missed=loop-vectorize]
      for (; __first != __last; ++__first, (void)++__cur)
      ^
In file included from src/host/gen_data.cpp:9:
In file included from third_party/hnswlib/hnswlib.h:119:
In file included from /usr/bin/../lib/gcc/aarch64-linux-gnu/11/../../../../include/c++/11/queue:62:
/usr/bin/../lib/gcc/aarch64-linux-gnu/11/../../../../include/c++/11/bits/stl_heap.h:228:7: remark: loop not vectorized [-Rpass-missed=loop-vectorize]
      while (__secondChild < (__len - 1) / 2)
      ^
/usr/bin/../lib/gcc/aarch64-linux-gnu/11/../../../../include/c++/11/bits/stl_heap.h:139:7: remark: loop not vectorized [-Rpass-missed=loop-vectorize]
      while (__holeIndex > __topIndex && __comp(__first + __parent, __value))
      ^
In file included from src/host/gen_data.cpp:9:
In file included from third_party/hnswlib/hnswlib.h:226:
In file included from third_party/hnswlib/stop_condition.h:5:
In file included from /usr/bin/../lib/gcc/aarch64-linux-gnu/11/../../../../include/c++/11/unordered_map:46:
/usr/bin/../lib/gcc/aarch64-linux-gnu/11/../../../../include/c++/11/bits/hashtable.h:2386:7: remark: loop not vectorized [-Rpass-missed=loop-vectorize]
      while (__p)
      ^
In file included from src/host/gen_data.cpp:9:
In file included from third_party/hnswlib/hnswlib.h:228:
third_party/hnswlib/hnswalg.h:1094:21: remark: loop not vectorized [-Rpass-missed=loop-vectorize]
                    for (int i = 0; i < size; i++) {
                    ^
third_party/hnswlib/hnswalg.h:1094:21: remark: loop not vectorized [-Rpass-missed=loop-vectorize]
In file included from src/host/gen_data.cpp:9:
In file included from third_party/hnswlib/hnswlib.h:119:
In file included from /usr/bin/../lib/gcc/aarch64-linux-gnu/11/../../../../include/c++/11/queue:62:
/usr/bin/../lib/gcc/aarch64-linux-gnu/11/../../../../include/c++/11/bits/stl_heap.h:139:7: remark: loop not vectorized [-Rpass-missed=loop-vectorize]
      while (__holeIndex > __topIndex && __comp(__first + __parent, __value))
      ^
In file included from src/host/gen_data.cpp:5:
In file included from /usr/bin/../lib/gcc/aarch64-linux-gnu/11/../../../../include/c++/11/random:49:
In file included from /usr/bin/../lib/gcc/aarch64-linux-gnu/11/../../../../include/c++/11/bits/random.h:34:
In file included from /usr/bin/../lib/gcc/aarch64-linux-gnu/11/../../../../include/c++/11/vector:66:
/usr/bin/../lib/gcc/aarch64-linux-gnu/11/../../../../include/c++/11/bits/stl_uninitialized.h:1031:7: remark: loop not vectorized [-Rpass-missed=loop-vectorize]
      for (; __first != __last; ++__first, (void)++__cur)
      ^
In file included from src/host/gen_data.cpp:9:
In file included from third_party/hnswlib/hnswlib.h:119:
In file included from /usr/bin/../lib/gcc/aarch64-linux-gnu/11/../../../../include/c++/11/queue:62:
/usr/bin/../lib/gcc/aarch64-linux-gnu/11/../../../../include/c++/11/bits/stl_heap.h:139:7: remark: loop not vectorized [-Rpass-missed=loop-vectorize]
      while (__holeIndex > __topIndex && __comp(__first + __parent, __value))
      ^
/usr/bin/../lib/gcc/aarch64-linux-gnu/11/../../../../include/c++/11/bits/stl_heap.h:228:7: remark: loop not vectorized [-Rpass-missed=loop-vectorize]
      while (__secondChild < (__len - 1) / 2)
      ^
/usr/bin/../lib/gcc/aarch64-linux-gnu/11/../../../../include/c++/11/bits/stl_heap.h:139:7: remark: loop not vectorized [-Rpass-missed=loop-vectorize]
      while (__holeIndex > __topIndex && __comp(__first + __parent, __value))
      ^
In file included from src/host/gen_data.cpp:5:
In file included from /usr/bin/../lib/gcc/aarch64-linux-gnu/11/../../../../include/c++/11/random:49:
In file included from /usr/bin/../lib/gcc/aarch64-linux-gnu/11/../../../../include/c++/11/bits/random.h:34:
In file included from /usr/bin/../lib/gcc/aarch64-linux-gnu/11/../../../../include/c++/11/vector:66:
/usr/bin/../lib/gcc/aarch64-linux-gnu/11/../../../../include/c++/11/bits/stl_uninitialized.h:1031:7: remark: loop not vectorized [-Rpass-missed=loop-vectorize]
      for (; __first != __last; ++__first, (void)++__cur)
      ^
In file included from src/host/gen_data.cpp:9:
In file included from third_party/hnswlib/hnswlib.h:226:
In file included from third_party/hnswlib/stop_condition.h:5:
In file included from /usr/bin/../lib/gcc/aarch64-linux-gnu/11/../../../../include/c++/11/unordered_map:46:
/usr/bin/../lib/gcc/aarch64-linux-gnu/11/../../../../include/c++/11/bits/hashtable.h:2386:7: remark: loop not vectorized [-Rpass-missed=loop-vectorize]
      while (__p)
      ^
In file included from src/host/gen_data.cpp:3:
In file included from /usr/bin/../lib/gcc/aarch64-linux-gnu/11/../../../../include/c++/11/filesystem:44:
In file included from /usr/bin/../lib/gcc/aarch64-linux-gnu/11/../../../../include/c++/11/bits/fs_fwd.h:35:
In file included from /usr/bin/../lib/gcc/aarch64-linux-gnu/11/../../../../include/c++/11/system_error:41:
In file included from /usr/bin/../lib/gcc/aarch64-linux-gnu/11/../../../../include/c++/11/stdexcept:39:
In file included from /usr/bin/../lib/gcc/aarch64-linux-gnu/11/../../../../include/c++/11/string:40:
In file included from /usr/bin/../lib/gcc/aarch64-linux-gnu/11/../../../../include/c++/11/bits/char_traits.h:39:
/usr/bin/../lib/gcc/aarch64-linux-gnu/11/../../../../include/c++/11/bits/stl_algobase.h:923:7: remark: loop not vectorized [-Rpass-missed=loop-vectorize]
      for (; __first != __last; ++__first)
      ^
/usr/bin/../lib/gcc/aarch64-linux-gnu/11/../../../../include/c++/11/bits/stl_algobase.h:923:7: remark: loop not vectorized [-Rpass-missed=loop-vectorize]
/usr/bin/../lib/gcc/aarch64-linux-gnu/11/../../../../include/c++/11/bits/stl_algobase.h:923:7: remark: loop not vectorized [-Rpass-missed=loop-vectorize]
/usr/bin/../lib/gcc/aarch64-linux-gnu/11/../../../../include/c++/11/bits/stl_algobase.h:923:7: remark: loop not vectorized [-Rpass-missed=loop-vectorize]
In file included from src/host/gen_data.cpp:9:
In file included from third_party/hnswlib/hnswlib.h:228:
third_party/hnswlib/hnswalg.h:154:9: remark: loop not vectorized [-Rpass-missed=loop-vectorize]
        for (tableint i = 0; i < cur_element_count; i++) {
        ^
src/flat_search.cpp:23:5: remark: loop not vectorized [-Rpass-missed=loop-vectorize]
    for (int i = 1; i < argc; ++i) {
    ^
src/flat_search.cpp:86:9: remark: loop not vectorized [-Rpass-missed=loop-vectorize]
        for (const auto& [dist, idx] : results)
        ^
In file included from src/flat_search.cpp:1:
In file included from /usr/bin/../lib/gcc/aarch64-linux-gnu/11/../../../../include/c++/11/algorithm:62:
/usr/bin/../lib/gcc/aarch64-linux-gnu/11/../../../../include/c++/11/bits/stl_algo.h:1122:7: remark: loop not vectorized [-Rpass-missed=loop-vectorize]
      while (__first < __last)
      ^
In file included from src/flat_search.cpp:1:
In file included from /usr/bin/../lib/gcc/aarch64-linux-gnu/11/../../../../include/c++/11/algorithm:62:
In file included from /usr/bin/../lib/gcc/aarch64-linux-gnu/11/../../../../include/c++/11/bits/stl_algo.h:61:
/usr/bin/../lib/gcc/aarch64-linux-gnu/11/../../../../include/c++/11/bits/stl_heap.h:139:7: remark: loop not vectorized [-Rpass-missed=loop-vectorize]
      while (__holeIndex > __topIndex && __comp(__first + __parent, __value))
      ^
/usr/bin/../lib/gcc/aarch64-linux-gnu/11/../../../../include/c++/11/bits/stl_heap.h:228:7: remark: loop not vectorized [-Rpass-missed=loop-vectorize]
      while (__secondChild < (__len - 1) / 2)
      ^
In file included from src/flat_search.cpp:1:
In file included from /usr/bin/../lib/gcc/aarch64-linux-gnu/11/../../../../include/c++/11/algorithm:74:
In file included from /usr/bin/../lib/gcc/aarch64-linux-gnu/11/../../../../include/c++/11/pstl/glue_algorithm_defs.h:13:
In file included from /usr/bin/../lib/gcc/aarch64-linux-gnu/11/../../../../include/c++/11/functional:62:
In file included from /usr/bin/../lib/gcc/aarch64-linux-gnu/11/../../../../include/c++/11/vector:66:
/usr/bin/../lib/gcc/aarch64-linux-gnu/11/../../../../include/c++/11/bits/stl_uninitialized.h:1031:7: remark: loop not vectorized [-Rpass-missed=loop-vectorize]
      for (; __first != __last; ++__first, (void)++__cur)
      ^
In file included from src/flat_search.cpp:1:
In file included from /usr/bin/../lib/gcc/aarch64-linux-gnu/11/../../../../include/c++/11/algorithm:62:
In file included from /usr/bin/../lib/gcc/aarch64-linux-gnu/11/../../../../include/c++/11/bits/stl_algo.h:61:
/usr/bin/../lib/gcc/aarch64-linux-gnu/11/../../../../include/c++/11/bits/stl_heap.h:139:7: remark: loop not vectorized [-Rpass-missed=loop-vectorize]
      while (__holeIndex > __topIndex && __comp(__first + __parent, __value))
      ^
In file included from src/flat_search.cpp:1:
In file included from /usr/bin/../lib/gcc/aarch64-linux-gnu/11/../../../../include/c++/11/algorithm:74:
In file included from /usr/bin/../lib/gcc/aarch64-linux-gnu/11/../../../../include/c++/11/pstl/glue_algorithm_defs.h:13:
In file included from /usr/bin/../lib/gcc/aarch64-linux-gnu/11/../../../../include/c++/11/functional:62:
In file included from /usr/bin/../lib/gcc/aarch64-linux-gnu/11/../../../../include/c++/11/vector:66:
/usr/bin/../lib/gcc/aarch64-linux-gnu/11/../../../../include/c++/11/bits/stl_uninitialized.h:1031:7: remark: loop not vectorized [-Rpass-missed=loop-vectorize]
      for (; __first != __last; ++__first, (void)++__cur)
      ^
In file included from src/flat_search.cpp:1:
In file included from /usr/bin/../lib/gcc/aarch64-linux-gnu/11/../../../../include/c++/11/algorithm:62:
In file included from /usr/bin/../lib/gcc/aarch64-linux-gnu/11/../../../../include/c++/11/bits/stl_algo.h:61:
/usr/bin/../lib/gcc/aarch64-linux-gnu/11/../../../../include/c++/11/bits/stl_heap.h:139:7: remark: loop not vectorized [-Rpass-missed=loop-vectorize]
      while (__holeIndex > __topIndex && __comp(__first + __parent, __value))
      ^
In file included from src/flat_search.cpp:1:
In file included from /usr/bin/../lib/gcc/aarch64-linux-gnu/11/../../../../include/c++/11/algorithm:74:
In file included from /usr/bin/../lib/gcc/aarch64-linux-gnu/11/../../../../include/c++/11/pstl/glue_algorithm_defs.h:13:
In file included from /usr/bin/../lib/gcc/aarch64-linux-gnu/11/../../../../include/c++/11/functional:62:
In file included from /usr/bin/../lib/gcc/aarch64-linux-gnu/11/../../../../include/c++/11/vector:66:
/usr/bin/../lib/gcc/aarch64-linux-gnu/11/../../../../include/c++/11/bits/stl_uninitialized.h:1031:7: remark: loop not vectorized [-Rpass-missed=loop-vectorize]
      for (; __first != __last; ++__first, (void)++__cur)
      ^
In file included from src/flat_search.cpp:11:
src/common/distance.hpp:8:5: remark: loop not vectorized [-Rpass-missed=loop-vectorize]
    for (uint32_t i = 0; i < D; ++i) {
    ^
src/flat_search.cpp:95:5: remark: loop not vectorized [-Rpass-missed=loop-vectorize]
    for (const auto& [dist, idx] : first_query_results)
    ^
In file included from src/flat_search.cpp:1:
In file included from /usr/bin/../lib/gcc/aarch64-linux-gnu/11/../../../../include/c++/11/algorithm:61:
/usr/bin/../lib/gcc/aarch64-linux-gnu/11/../../../../include/c++/11/bits/stl_algobase.h:383:4: remark: loop not vectorized [-Rpass-missed=loop-vectorize]
          for(_Distance __n = __last - __first; __n > 0; --__n)
          ^
/usr/bin/../lib/gcc/aarch64-linux-gnu/11/../../../../include/c++/11/bits/stl_algobase.h:383:4: remark: loop not vectorized [-Rpass-missed=loop-vectorize]
In file included from src/flat_search.cpp:1:
In file included from /usr/bin/../lib/gcc/aarch64-linux-gnu/11/../../../../include/c++/11/algorithm:74:
In file included from /usr/bin/../lib/gcc/aarch64-linux-gnu/11/../../../../include/c++/11/pstl/glue_algorithm_defs.h:13:
In file included from /usr/bin/../lib/gcc/aarch64-linux-gnu/11/../../../../include/c++/11/functional:62:
In file included from /usr/bin/../lib/gcc/aarch64-linux-gnu/11/../../../../include/c++/11/vector:66:
/usr/bin/../lib/gcc/aarch64-linux-gnu/11/../../../../include/c++/11/bits/stl_uninitialized.h:91:8: remark: loop not vectorized [-Rpass-missed=loop-vectorize]
              for (; __first != __last; ++__first, (void)++__cur)
              ^
In file included from src/flat_search.cpp:1:
In file included from /usr/bin/../lib/gcc/aarch64-linux-gnu/11/../../../../include/c++/11/algorithm:62:
In file included from /usr/bin/../lib/gcc/aarch64-linux-gnu/11/../../../../include/c++/11/bits/stl_algo.h:61:
/usr/bin/../lib/gcc/aarch64-linux-gnu/11/../../../../include/c++/11/bits/stl_heap.h:228:7: remark: loop not vectorized [-Rpass-missed=loop-vectorize]
      while (__secondChild < (__len - 1) / 2)
      ^
/usr/bin/../lib/gcc/aarch64-linux-gnu/11/../../../../include/c++/11/bits/stl_heap.h:139:7: remark: loop not vectorized [-Rpass-missed=loop-vectorize]
      while (__holeIndex > __topIndex && __comp(__first + __parent, __value))
      ^
src/flat_search.cpp:23:5: remark: loop not vectorized [-Rpass-missed=loop-vectorize]
    for (int i = 1; i < argc; ++i) {
    ^
src/flat_search.cpp:86:9: remark: vectorized loop (vectorization width: 2, interleaved count: 2) [-Rpass=loop-vectorize]
        for (const auto& [dist, idx] : results)
        ^
In file included from src/flat_search.cpp:1:
In file included from /usr/bin/../lib/gcc/aarch64-linux-gnu/11/../../../../include/c++/11/algorithm:62:
/usr/bin/../lib/gcc/aarch64-linux-gnu/11/../../../../include/c++/11/bits/stl_algo.h:1122:7: remark: loop not vectorized [-Rpass-missed=loop-vectorize]
      while (__first < __last)
      ^
In file included from src/flat_search.cpp:1:
In file included from /usr/bin/../lib/gcc/aarch64-linux-gnu/11/../../../../include/c++/11/algorithm:62:
In file included from /usr/bin/../lib/gcc/aarch64-linux-gnu/11/../../../../include/c++/11/bits/stl_algo.h:61:
/usr/bin/../lib/gcc/aarch64-linux-gnu/11/../../../../include/c++/11/bits/stl_heap.h:139:7: remark: loop not vectorized [-Rpass-missed=loop-vectorize]
      while (__holeIndex > __topIndex && __comp(__first + __parent, __value))
      ^
/usr/bin/../lib/gcc/aarch64-linux-gnu/11/../../../../include/c++/11/bits/stl_heap.h:228:7: remark: loop not vectorized [-Rpass-missed=loop-vectorize]
      while (__secondChild < (__len - 1) / 2)
      ^
In file included from src/flat_search.cpp:1:
In file included from /usr/bin/../lib/gcc/aarch64-linux-gnu/11/../../../../include/c++/11/algorithm:74:
In file included from /usr/bin/../lib/gcc/aarch64-linux-gnu/11/../../../../include/c++/11/pstl/glue_algorithm_defs.h:13:
In file included from /usr/bin/../lib/gcc/aarch64-linux-gnu/11/../../../../include/c++/11/functional:62:
In file included from /usr/bin/../lib/gcc/aarch64-linux-gnu/11/../../../../include/c++/11/vector:66:
/usr/bin/../lib/gcc/aarch64-linux-gnu/11/../../../../include/c++/11/bits/stl_uninitialized.h:1031:7: remark: vectorized loop (vectorization width: 2, interleaved count: 2) [-Rpass=loop-vectorize]
      for (; __first != __last; ++__first, (void)++__cur)
      ^
In file included from src/flat_search.cpp:1:
In file included from /usr/bin/../lib/gcc/aarch64-linux-gnu/11/../../../../include/c++/11/algorithm:62:
In file included from /usr/bin/../lib/gcc/aarch64-linux-gnu/11/../../../../include/c++/11/bits/stl_algo.h:61:
/usr/bin/../lib/gcc/aarch64-linux-gnu/11/../../../../include/c++/11/bits/stl_heap.h:139:7: remark: loop not vectorized [-Rpass-missed=loop-vectorize]
      while (__holeIndex > __topIndex && __comp(__first + __parent, __value))
      ^
In file included from src/flat_search.cpp:1:
In file included from /usr/bin/../lib/gcc/aarch64-linux-gnu/11/../../../../include/c++/11/algorithm:74:
In file included from /usr/bin/../lib/gcc/aarch64-linux-gnu/11/../../../../include/c++/11/pstl/glue_algorithm_defs.h:13:
In file included from /usr/bin/../lib/gcc/aarch64-linux-gnu/11/../../../../include/c++/11/functional:62:
In file included from /usr/bin/../lib/gcc/aarch64-linux-gnu/11/../../../../include/c++/11/vector:66:
/usr/bin/../lib/gcc/aarch64-linux-gnu/11/../../../../include/c++/11/bits/stl_uninitialized.h:1031:7: remark: vectorized loop (vectorization width: 2, interleaved count: 2) [-Rpass=loop-vectorize]
      for (; __first != __last; ++__first, (void)++__cur)
      ^
In file included from src/flat_search.cpp:1:
In file included from /usr/bin/../lib/gcc/aarch64-linux-gnu/11/../../../../include/c++/11/algorithm:62:
In file included from /usr/bin/../lib/gcc/aarch64-linux-gnu/11/../../../../include/c++/11/bits/stl_algo.h:61:
/usr/bin/../lib/gcc/aarch64-linux-gnu/11/../../../../include/c++/11/bits/stl_heap.h:139:7: remark: loop not vectorized [-Rpass-missed=loop-vectorize]
      while (__holeIndex > __topIndex && __comp(__first + __parent, __value))
      ^
In file included from src/flat_search.cpp:1:
In file included from /usr/bin/../lib/gcc/aarch64-linux-gnu/11/../../../../include/c++/11/algorithm:74:
In file included from /usr/bin/../lib/gcc/aarch64-linux-gnu/11/../../../../include/c++/11/pstl/glue_algorithm_defs.h:13:
In file included from /usr/bin/../lib/gcc/aarch64-linux-gnu/11/../../../../include/c++/11/functional:62:
In file included from /usr/bin/../lib/gcc/aarch64-linux-gnu/11/../../../../include/c++/11/vector:66:
/usr/bin/../lib/gcc/aarch64-linux-gnu/11/../../../../include/c++/11/bits/stl_uninitialized.h:1031:7: remark: vectorized loop (vectorization width: 2, interleaved count: 2) [-Rpass=loop-vectorize]
      for (; __first != __last; ++__first, (void)++__cur)
      ^
In file included from src/flat_search.cpp:11:
src/common/distance.hpp:8:5: remark: vectorized loop (vectorization width: 4, interleaved count: 2) [-Rpass=loop-vectorize]
    for (uint32_t i = 0; i < D; ++i) {
    ^
src/flat_search.cpp:95:5: remark: loop not vectorized [-Rpass-missed=loop-vectorize]
    for (const auto& [dist, idx] : first_query_results)
    ^
In file included from src/flat_search.cpp:1:
In file included from /usr/bin/../lib/gcc/aarch64-linux-gnu/11/../../../../include/c++/11/algorithm:61:
/usr/bin/../lib/gcc/aarch64-linux-gnu/11/../../../../include/c++/11/bits/stl_algobase.h:383:4: remark: vectorized loop (vectorization width: 4, interleaved count: 2) [-Rpass=loop-vectorize]
          for(_Distance __n = __last - __first; __n > 0; --__n)
          ^
/usr/bin/../lib/gcc/aarch64-linux-gnu/11/../../../../include/c++/11/bits/stl_algobase.h:383:4: remark: vectorized loop (vectorization width: 4, interleaved count: 2) [-Rpass=loop-vectorize]
In file included from src/flat_search.cpp:1:
In file included from /usr/bin/../lib/gcc/aarch64-linux-gnu/11/../../../../include/c++/11/algorithm:74:
In file included from /usr/bin/../lib/gcc/aarch64-linux-gnu/11/../../../../include/c++/11/pstl/glue_algorithm_defs.h:13:
In file included from /usr/bin/../lib/gcc/aarch64-linux-gnu/11/../../../../include/c++/11/functional:62:
In file included from /usr/bin/../lib/gcc/aarch64-linux-gnu/11/../../../../include/c++/11/vector:66:
/usr/bin/../lib/gcc/aarch64-linux-gnu/11/../../../../include/c++/11/bits/stl_uninitialized.h:91:8: remark: vectorized loop (vectorization width: 2, interleaved count: 2) [-Rpass=loop-vectorize]
              for (; __first != __last; ++__first, (void)++__cur)
              ^
In file included from src/flat_search.cpp:1:
In file included from /usr/bin/../lib/gcc/aarch64-linux-gnu/11/../../../../include/c++/11/algorithm:62:
In file included from /usr/bin/../lib/gcc/aarch64-linux-gnu/11/../../../../include/c++/11/bits/stl_algo.h:61:
/usr/bin/../lib/gcc/aarch64-linux-gnu/11/../../../../include/c++/11/bits/stl_heap.h:228:7: remark: loop not vectorized [-Rpass-missed=loop-vectorize]
      while (__secondChild < (__len - 1) / 2)
      ^
/usr/bin/../lib/gcc/aarch64-linux-gnu/11/../../../../include/c++/11/bits/stl_heap.h:139:7: remark: loop not vectorized [-Rpass-missed=loop-vectorize]
      while (__holeIndex > __topIndex && __comp(__first + __parent, __value))
      ^
src/hnsw_search.cpp:25:5: remark: loop not vectorized [-Rpass-missed=loop-vectorize]
    for (int i = 1; i < argc; ++i) {
    ^
src/hnsw_search.cpp:143:9: remark: loop not vectorized [-Rpass-missed=loop-vectorize]
        for (const auto& [dist, idx] : results)
        ^
In file included from src/hnsw_search.cpp:1:
In file included from /usr/bin/../lib/gcc/aarch64-linux-gnu/11/../../../../include/c++/11/algorithm:62:
/usr/bin/../lib/gcc/aarch64-linux-gnu/11/../../../../include/c++/11/bits/stl_algo.h:1122:7: remark: loop not vectorized [-Rpass-missed=loop-vectorize]
      while (__first < __last)
      ^
In file included from src/hnsw_search.cpp:1:
In file included from /usr/bin/../lib/gcc/aarch64-linux-gnu/11/../../../../include/c++/11/algorithm:62:
In file included from /usr/bin/../lib/gcc/aarch64-linux-gnu/11/../../../../include/c++/11/bits/stl_algo.h:61:
/usr/bin/../lib/gcc/aarch64-linux-gnu/11/../../../../include/c++/11/bits/stl_heap.h:139:7: remark: loop not vectorized [-Rpass-missed=loop-vectorize]
      while (__holeIndex > __topIndex && __comp(__first + __parent, __value))
      ^
/usr/bin/../lib/gcc/aarch64-linux-gnu/11/../../../../include/c++/11/bits/stl_heap.h:228:7: remark: loop not vectorized [-Rpass-missed=loop-vectorize]
      while (__secondChild < (__len - 1) / 2)
      ^
In file included from src/hnsw_search.cpp:1:
In file included from /usr/bin/../lib/gcc/aarch64-linux-gnu/11/../../../../include/c++/11/algorithm:74:
In file included from /usr/bin/../lib/gcc/aarch64-linux-gnu/11/../../../../include/c++/11/pstl/glue_algorithm_defs.h:13:
In file included from /usr/bin/../lib/gcc/aarch64-linux-gnu/11/../../../../include/c++/11/functional:62:
In file included from /usr/bin/../lib/gcc/aarch64-linux-gnu/11/../../../../include/c++/11/vector:66:
/usr/bin/../lib/gcc/aarch64-linux-gnu/11/../../../../include/c++/11/bits/stl_uninitialized.h:1031:7: remark: loop not vectorized [-Rpass-missed=loop-vectorize]
      for (; __first != __last; ++__first, (void)++__cur)
      ^
In file included from src/hnsw_search.cpp:1:
In file included from /usr/bin/../lib/gcc/aarch64-linux-gnu/11/../../../../include/c++/11/algorithm:62:
In file included from /usr/bin/../lib/gcc/aarch64-linux-gnu/11/../../../../include/c++/11/bits/stl_algo.h:61:
/usr/bin/../lib/gcc/aarch64-linux-gnu/11/../../../../include/c++/11/bits/stl_heap.h:139:7: remark: loop not vectorized [-Rpass-missed=loop-vectorize]
      while (__holeIndex > __topIndex && __comp(__first + __parent, __value))
      ^
In file included from src/hnsw_search.cpp:1:
In file included from /usr/bin/../lib/gcc/aarch64-linux-gnu/11/../../../../include/c++/11/algorithm:74:
In file included from /usr/bin/../lib/gcc/aarch64-linux-gnu/11/../../../../include/c++/11/pstl/glue_algorithm_defs.h:13:
In file included from /usr/bin/../lib/gcc/aarch64-linux-gnu/11/../../../../include/c++/11/functional:62:
In file included from /usr/bin/../lib/gcc/aarch64-linux-gnu/11/../../../../include/c++/11/vector:66:
/usr/bin/../lib/gcc/aarch64-linux-gnu/11/../../../../include/c++/11/bits/stl_uninitialized.h:1031:7: remark: loop not vectorized [-Rpass-missed=loop-vectorize]
      for (; __first != __last; ++__first, (void)++__cur)
      ^
In file included from src/hnsw_search.cpp:1:
In file included from /usr/bin/../lib/gcc/aarch64-linux-gnu/11/../../../../include/c++/11/algorithm:62:
In file included from /usr/bin/../lib/gcc/aarch64-linux-gnu/11/../../../../include/c++/11/bits/stl_algo.h:61:
/usr/bin/../lib/gcc/aarch64-linux-gnu/11/../../../../include/c++/11/bits/stl_heap.h:139:7: remark: loop not vectorized [-Rpass-missed=loop-vectorize]
      while (__holeIndex > __topIndex && __comp(__first + __parent, __value))
      ^
In file included from src/hnsw_search.cpp:1:
In file included from /usr/bin/../lib/gcc/aarch64-linux-gnu/11/../../../../include/c++/11/algorithm:74:
In file included from /usr/bin/../lib/gcc/aarch64-linux-gnu/11/../../../../include/c++/11/pstl/glue_algorithm_defs.h:13:
In file included from /usr/bin/../lib/gcc/aarch64-linux-gnu/11/../../../../include/c++/11/functional:62:
In file included from /usr/bin/../lib/gcc/aarch64-linux-gnu/11/../../../../include/c++/11/vector:66:
/usr/bin/../lib/gcc/aarch64-linux-gnu/11/../../../../include/c++/11/bits/stl_uninitialized.h:1031:7: remark: loop not vectorized [-Rpass-missed=loop-vectorize]
      for (; __first != __last; ++__first, (void)++__cur)
      ^
In file included from src/hnsw_search.cpp:12:
src/common/distance.hpp:8:5: remark: loop not vectorized [-Rpass-missed=loop-vectorize]
    for (uint32_t i = 0; i < D; ++i) {
    ^
In file included from src/hnsw_search.cpp:13:
In file included from src/common/io.hpp:10:
src/common/data.hpp:42:9: remark: loop not vectorized [-Rpass-missed=loop-vectorize]
        while (end != begin + cap && *end != HNSW_NEIGHBOR_SENTINEL)
        ^
In file included from src/hnsw_search.cpp:1:
In file included from /usr/bin/../lib/gcc/aarch64-linux-gnu/11/../../../../include/c++/11/algorithm:62:
In file included from /usr/bin/../lib/gcc/aarch64-linux-gnu/11/../../../../include/c++/11/bits/stl_algo.h:61:
/usr/bin/../lib/gcc/aarch64-linux-gnu/11/../../../../include/c++/11/bits/stl_heap.h:139:7: remark: loop not vectorized [-Rpass-missed=loop-vectorize]
      while (__holeIndex > __topIndex && __comp(__first + __parent, __value))
      ^
/usr/bin/../lib/gcc/aarch64-linux-gnu/11/../../../../include/c++/11/bits/stl_heap.h:228:7: remark: loop not vectorized [-Rpass-missed=loop-vectorize]
      while (__secondChild < (__len - 1) / 2)
      ^
In file included from src/hnsw_search.cpp:12:
src/common/distance.hpp:8:5: remark: loop not vectorized [-Rpass-missed=loop-vectorize]
    for (uint32_t i = 0; i < D; ++i) {
    ^
In file included from src/hnsw_search.cpp:13:
In file included from src/common/io.hpp:10:
src/common/data.hpp:42:9: remark: loop not vectorized [-Rpass-missed=loop-vectorize]
        while (end != begin + cap && *end != HNSW_NEIGHBOR_SENTINEL)
        ^
In file included from src/hnsw_search.cpp:12:
src/common/distance.hpp:8:5: remark: loop not vectorized [-Rpass-missed=loop-vectorize]
    for (uint32_t i = 0; i < D; ++i) {
    ^
src/hnsw_search.cpp:151:5: remark: loop not vectorized [-Rpass-missed=loop-vectorize]
    for (const auto& [dist, idx] : first_query_results)
    ^
In file included from src/hnsw_search.cpp:1:
In file included from /usr/bin/../lib/gcc/aarch64-linux-gnu/11/../../../../include/c++/11/algorithm:61:
/usr/bin/../lib/gcc/aarch64-linux-gnu/11/../../../../include/c++/11/bits/stl_algobase.h:383:4: remark: loop not vectorized [-Rpass-missed=loop-vectorize]
          for(_Distance __n = __last - __first; __n > 0; --__n)
          ^
/usr/bin/../lib/gcc/aarch64-linux-gnu/11/../../../../include/c++/11/bits/stl_algobase.h:383:4: remark: loop not vectorized [-Rpass-missed=loop-vectorize]
In file included from src/hnsw_search.cpp:1:
In file included from /usr/bin/../lib/gcc/aarch64-linux-gnu/11/../../../../include/c++/11/algorithm:74:
In file included from /usr/bin/../lib/gcc/aarch64-linux-gnu/11/../../../../include/c++/11/pstl/glue_algorithm_defs.h:13:
In file included from /usr/bin/../lib/gcc/aarch64-linux-gnu/11/../../../../include/c++/11/functional:62:
In file included from /usr/bin/../lib/gcc/aarch64-linux-gnu/11/../../../../include/c++/11/vector:66:
/usr/bin/../lib/gcc/aarch64-linux-gnu/11/../../../../include/c++/11/bits/stl_uninitialized.h:91:8: remark: loop not vectorized [-Rpass-missed=loop-vectorize]
              for (; __first != __last; ++__first, (void)++__cur)
              ^
In file included from src/hnsw_search.cpp:1:
In file included from /usr/bin/../lib/gcc/aarch64-linux-gnu/11/../../../../include/c++/11/algorithm:62:
In file included from /usr/bin/../lib/gcc/aarch64-linux-gnu/11/../../../../include/c++/11/bits/stl_algo.h:61:
/usr/bin/../lib/gcc/aarch64-linux-gnu/11/../../../../include/c++/11/bits/stl_heap.h:228:7: remark: loop not vectorized [-Rpass-missed=loop-vectorize]
      while (__secondChild < (__len - 1) / 2)
      ^
/usr/bin/../lib/gcc/aarch64-linux-gnu/11/../../../../include/c++/11/bits/stl_heap.h:139:7: remark: loop not vectorized [-Rpass-missed=loop-vectorize]
      while (__holeIndex > __topIndex && __comp(__first + __parent, __value))
      ^
src/hnsw_search.cpp:25:5: remark: loop not vectorized [-Rpass-missed=loop-vectorize]
    for (int i = 1; i < argc; ++i) {
    ^
src/hnsw_search.cpp:143:9: remark: vectorized loop (vectorization width: 2, interleaved count: 2) [-Rpass=loop-vectorize]
        for (const auto& [dist, idx] : results)
        ^
In file included from src/hnsw_search.cpp:1:
In file included from /usr/bin/../lib/gcc/aarch64-linux-gnu/11/../../../../include/c++/11/algorithm:62:
/usr/bin/../lib/gcc/aarch64-linux-gnu/11/../../../../include/c++/11/bits/stl_algo.h:1122:7: remark: loop not vectorized [-Rpass-missed=loop-vectorize]
      while (__first < __last)
      ^
In file included from src/hnsw_search.cpp:1:
In file included from /usr/bin/../lib/gcc/aarch64-linux-gnu/11/../../../../include/c++/11/algorithm:62:
In file included from /usr/bin/../lib/gcc/aarch64-linux-gnu/11/../../../../include/c++/11/bits/stl_algo.h:61:
/usr/bin/../lib/gcc/aarch64-linux-gnu/11/../../../../include/c++/11/bits/stl_heap.h:139:7: remark: loop not vectorized [-Rpass-missed=loop-vectorize]
      while (__holeIndex > __topIndex && __comp(__first + __parent, __value))
      ^
/usr/bin/../lib/gcc/aarch64-linux-gnu/11/../../../../include/c++/11/bits/stl_heap.h:228:7: remark: loop not vectorized [-Rpass-missed=loop-vectorize]
      while (__secondChild < (__len - 1) / 2)
      ^
In file included from src/hnsw_search.cpp:1:
In file included from /usr/bin/../lib/gcc/aarch64-linux-gnu/11/../../../../include/c++/11/algorithm:74:
In file included from /usr/bin/../lib/gcc/aarch64-linux-gnu/11/../../../../include/c++/11/pstl/glue_algorithm_defs.h:13:
In file included from /usr/bin/../lib/gcc/aarch64-linux-gnu/11/../../../../include/c++/11/functional:62:
In file included from /usr/bin/../lib/gcc/aarch64-linux-gnu/11/../../../../include/c++/11/vector:66:
/usr/bin/../lib/gcc/aarch64-linux-gnu/11/../../../../include/c++/11/bits/stl_uninitialized.h:1031:7: remark: vectorized loop (vectorization width: 2, interleaved count: 2) [-Rpass=loop-vectorize]
      for (; __first != __last; ++__first, (void)++__cur)
      ^
In file included from src/hnsw_search.cpp:1:
In file included from /usr/bin/../lib/gcc/aarch64-linux-gnu/11/../../../../include/c++/11/algorithm:62:
In file included from /usr/bin/../lib/gcc/aarch64-linux-gnu/11/../../../../include/c++/11/bits/stl_algo.h:61:
/usr/bin/../lib/gcc/aarch64-linux-gnu/11/../../../../include/c++/11/bits/stl_heap.h:139:7: remark: loop not vectorized [-Rpass-missed=loop-vectorize]
      while (__holeIndex > __topIndex && __comp(__first + __parent, __value))
      ^
In file included from src/hnsw_search.cpp:1:
In file included from /usr/bin/../lib/gcc/aarch64-linux-gnu/11/../../../../include/c++/11/algorithm:74:
In file included from /usr/bin/../lib/gcc/aarch64-linux-gnu/11/../../../../include/c++/11/pstl/glue_algorithm_defs.h:13:
In file included from /usr/bin/../lib/gcc/aarch64-linux-gnu/11/../../../../include/c++/11/functional:62:
In file included from /usr/bin/../lib/gcc/aarch64-linux-gnu/11/../../../../include/c++/11/vector:66:
/usr/bin/../lib/gcc/aarch64-linux-gnu/11/../../../../include/c++/11/bits/stl_uninitialized.h:1031:7: remark: vectorized loop (vectorization width: 2, interleaved count: 2) [-Rpass=loop-vectorize]
      for (; __first != __last; ++__first, (void)++__cur)
      ^
In file included from src/hnsw_search.cpp:1:
In file included from /usr/bin/../lib/gcc/aarch64-linux-gnu/11/../../../../include/c++/11/algorithm:62:
In file included from /usr/bin/../lib/gcc/aarch64-linux-gnu/11/../../../../include/c++/11/bits/stl_algo.h:61:
/usr/bin/../lib/gcc/aarch64-linux-gnu/11/../../../../include/c++/11/bits/stl_heap.h:139:7: remark: loop not vectorized [-Rpass-missed=loop-vectorize]
      while (__holeIndex > __topIndex && __comp(__first + __parent, __value))
      ^
In file included from src/hnsw_search.cpp:1:
In file included from /usr/bin/../lib/gcc/aarch64-linux-gnu/11/../../../../include/c++/11/algorithm:74:
In file included from /usr/bin/../lib/gcc/aarch64-linux-gnu/11/../../../../include/c++/11/pstl/glue_algorithm_defs.h:13:
In file included from /usr/bin/../lib/gcc/aarch64-linux-gnu/11/../../../../include/c++/11/functional:62:
In file included from /usr/bin/../lib/gcc/aarch64-linux-gnu/11/../../../../include/c++/11/vector:66:
/usr/bin/../lib/gcc/aarch64-linux-gnu/11/../../../../include/c++/11/bits/stl_uninitialized.h:1031:7: remark: vectorized loop (vectorization width: 2, interleaved count: 2) [-Rpass=loop-vectorize]
      for (; __first != __last; ++__first, (void)++__cur)
      ^
In file included from src/hnsw_search.cpp:12:
src/common/distance.hpp:8:5: remark: vectorized loop (vectorization width: 4, interleaved count: 2) [-Rpass=loop-vectorize]
    for (uint32_t i = 0; i < D; ++i) {
    ^
In file included from src/hnsw_search.cpp:13:
In file included from src/common/io.hpp:10:
src/common/data.hpp:42:9: remark: loop not vectorized [-Rpass-missed=loop-vectorize]
        while (end != begin + cap && *end != HNSW_NEIGHBOR_SENTINEL)
        ^
In file included from src/hnsw_search.cpp:1:
In file included from /usr/bin/../lib/gcc/aarch64-linux-gnu/11/../../../../include/c++/11/algorithm:62:
In file included from /usr/bin/../lib/gcc/aarch64-linux-gnu/11/../../../../include/c++/11/bits/stl_algo.h:61:
/usr/bin/../lib/gcc/aarch64-linux-gnu/11/../../../../include/c++/11/bits/stl_heap.h:139:7: remark: loop not vectorized [-Rpass-missed=loop-vectorize]
      while (__holeIndex > __topIndex && __comp(__first + __parent, __value))
      ^
/usr/bin/../lib/gcc/aarch64-linux-gnu/11/../../../../include/c++/11/bits/stl_heap.h:228:7: remark: loop not vectorized [-Rpass-missed=loop-vectorize]
      while (__secondChild < (__len - 1) / 2)
      ^
In file included from src/hnsw_search.cpp:12:
src/common/distance.hpp:8:5: remark: vectorized loop (vectorization width: 4, interleaved count: 2) [-Rpass=loop-vectorize]
    for (uint32_t i = 0; i < D; ++i) {
    ^
In file included from src/hnsw_search.cpp:13:
In file included from src/common/io.hpp:10:
src/common/data.hpp:42:9: remark: loop not vectorized [-Rpass-missed=loop-vectorize]
        while (end != begin + cap && *end != HNSW_NEIGHBOR_SENTINEL)
        ^
In file included from src/hnsw_search.cpp:12:
src/common/distance.hpp:8:5: remark: vectorized loop (vectorization width: 4, interleaved count: 2) [-Rpass=loop-vectorize]
    for (uint32_t i = 0; i < D; ++i) {
    ^
src/hnsw_search.cpp:151:5: remark: loop not vectorized [-Rpass-missed=loop-vectorize]
    for (const auto& [dist, idx] : first_query_results)
    ^
In file included from src/hnsw_search.cpp:1:
In file included from /usr/bin/../lib/gcc/aarch64-linux-gnu/11/../../../../include/c++/11/algorithm:61:
/usr/bin/../lib/gcc/aarch64-linux-gnu/11/../../../../include/c++/11/bits/stl_algobase.h:383:4: remark: vectorized loop (vectorization width: 4, interleaved count: 2) [-Rpass=loop-vectorize]
          for(_Distance __n = __last - __first; __n > 0; --__n)
          ^
/usr/bin/../lib/gcc/aarch64-linux-gnu/11/../../../../include/c++/11/bits/stl_algobase.h:383:4: remark: vectorized loop (vectorization width: 4, interleaved count: 2) [-Rpass=loop-vectorize]
In file included from src/hnsw_search.cpp:1:
In file included from /usr/bin/../lib/gcc/aarch64-linux-gnu/11/../../../../include/c++/11/algorithm:74:
In file included from /usr/bin/../lib/gcc/aarch64-linux-gnu/11/../../../../include/c++/11/pstl/glue_algorithm_defs.h:13:
In file included from /usr/bin/../lib/gcc/aarch64-linux-gnu/11/../../../../include/c++/11/functional:62:
In file included from /usr/bin/../lib/gcc/aarch64-linux-gnu/11/../../../../include/c++/11/vector:66:
/usr/bin/../lib/gcc/aarch64-linux-gnu/11/../../../../include/c++/11/bits/stl_uninitialized.h:91:8: remark: vectorized loop (vectorization width: 2, interleaved count: 2) [-Rpass=loop-vectorize]
              for (; __first != __last; ++__first, (void)++__cur)
              ^
In file included from src/hnsw_search.cpp:1:
In file included from /usr/bin/../lib/gcc/aarch64-linux-gnu/11/../../../../include/c++/11/algorithm:62:
In file included from /usr/bin/../lib/gcc/aarch64-linux-gnu/11/../../../../include/c++/11/bits/stl_algo.h:61:
/usr/bin/../lib/gcc/aarch64-linux-gnu/11/../../../../include/c++/11/bits/stl_heap.h:228:7: remark: loop not vectorized [-Rpass-missed=loop-vectorize]
      while (__secondChild < (__len - 1) / 2)
      ^
/usr/bin/../lib/gcc/aarch64-linux-gnu/11/../../../../include/c++/11/bits/stl_heap.h:139:7: remark: loop not vectorized [-Rpass-missed=loop-vectorize]
      while (__holeIndex > __topIndex && __comp(__first + __parent, __value))
      ^

